#
# There is insufficient memory for the Java Runtime Environment to continue.
# Native memory allocation (malloc) failed to allocate 44176 bytes. Error detail: Chunk::new
# Possible reasons:
#   The system is out of physical RAM or swap space
#   This process is running with CompressedOops enabled, and the Java Heap may be blocking the growth of the native heap
# Possible solutions:
#   Reduce memory load on the system
#   Increase physical memory or swap space
#   Check if swap backing store is full
#   Decrease Java heap size (-Xmx/-Xms)
#   Decrease number of Java threads
#   Decrease Java thread stack sizes (-Xss)
#   Set larger code cache with -XX:ReservedCodeCacheSize=
#   JVM is running with Unscaled Compressed Oops mode in which the Java heap is
#     placed in the first 4GB address space. The Java Heap base address is the
#     maximum limit for the native heap growth. Please use -XX:HeapBaseMinAddress
#     to set the Java Heap base and to place the Java Heap above 4GB virtual address.
# This output file may be truncated or incomplete.
#
#  Out of Memory Error (arena.cpp:168), pid=19544, tid=17740
#
# JRE version: OpenJDK Runtime Environment Temurin-21.0.5+11 (21.0.5+11) (build 21.0.5+11-LTS)
# Java VM: OpenJDK 64-Bit Server VM Temurin-21.0.5+11 (21.0.5+11-LTS, mixed mode, sharing, tiered, compressed oops, compressed class ptrs, parallel gc, windows-amd64)
# No core dump will be written. Minidumps are not enabled by default on client versions of Windows
#

---------------  S U M M A R Y ------------

Command Line: --add-modules=ALL-SYSTEM --add-opens=java.base/java.util=ALL-UNNAMED --add-opens=java.base/java.lang=ALL-UNNAMED --add-opens=java.base/sun.nio.fs=ALL-UNNAMED -Declipse.application=org.eclipse.jdt.ls.core.id1 -Dosgi.bundles.defaultStartLevel=4 -Declipse.product=org.eclipse.jdt.ls.core.product -Djava.import.generatesMetadataFilesAtProjectRoot=false -DDetectVMInstallationsJob.disabled=true -Dfile.encoding=utf8 -XX:+UseParallelGC -XX:GCTimeRatio=4 -XX:AdaptiveSizePolicyWeight=90 -Dsun.zip.disableMemoryMapping=true -Xmx1G -Xms100m -Xlog:disable -javaagent:c:\Users\willy\.vscode\extensions\redhat.java-1.39.0-win32-x64\lombok\lombok-1.18.34.jar -XX:+HeapDumpOnOutOfMemoryError -XX:HeapDumpPath=c:\Users\willy\AppData\Roaming\Code\User\workspaceStorage\64fb5123b4a1905939e0d0ab2b87f7ed\redhat.java -Daether.dependencyCollector.impl=bf c:\Users\willy\.vscode\extensions\redhat.java-1.39.0-win32-x64\server\plugins\org.eclipse.equinox.launcher_1.6.900.v20240613-2009.jar -configuration c:\Users\willy\AppData\Roaming\Code\User\globalStorage\redhat.java\1.39.0\config_win -data c:\Users\willy\AppData\Roaming\Code\User\workspaceStorage\64fb5123b4a1905939e0d0ab2b87f7ed\redhat.java\jdt_ws --pipe=\\.\pipe\lsp-6755729e0b2118ed0246251173406072-sock

Host: Intel(R) Celeron(R) N4500 @ 1.10GHz, 2 cores, 3G,  Windows 11 , 64 bit Build 22621 (10.0.22621.4391)
Time: Mon Feb 10 15:29:14 2025  Windows 11 , 64 bit Build 22621 (10.0.22621.4391) elapsed time: 25.166784 seconds (0d 0h 0m 25s)

---------------  T H R E A D  ---------------

Current thread (0x00000208ff6370f0):  JavaThread "C2 CompilerThread0" daemon [_thread_in_native, id=17740, stack(0x00000038d9b00000,0x00000038d9c00000) (1024K)]


Current CompileTask:
C2:25213  941   !   4       java.util.jar.Attributes::read (494 bytes)

Stack: [0x00000038d9b00000,0x00000038d9c00000]
Native frames: (J=compiled Java code, j=interpreted, Vv=VM code, C=native code)
V  [jvm.dll+0x6cd4e9]
V  [jvm.dll+0x8a7941]
V  [jvm.dll+0x8a9e6e]
V  [jvm.dll+0x8aa543]
V  [jvm.dll+0x27f6d6]
V  [jvm.dll+0xc500d]
V  [jvm.dll+0xc5543]
V  [jvm.dll+0x144811]
V  [jvm.dll+0x143d7c]
V  [jvm.dll+0x6d2b7c]
V  [jvm.dll+0x247d9d]
V  [jvm.dll+0x246faf]
V  [jvm.dll+0x1c75ce]
V  [jvm.dll+0x25682a]
V  [jvm.dll+0x254dca]
V  [jvm.dll+0x3f00d6]
V  [jvm.dll+0x8514fb]
V  [jvm.dll+0x6cbbed]
C  [ucrtbase.dll+0x29333]
C  [KERNEL32.DLL+0x1259d]
C  [ntdll.dll+0x5af38]


---------------  P R O C E S S  ---------------

Threads class SMR info:
_java_thread_list=0x00000208d420fbb0, length=11, elements={
0x00000208fa1e20a0, 0x00000208ff62c110, 0x00000208ff62dc70, 0x00000208ff62ecb0,
0x00000208ff62fbc0, 0x00000208ff630ad0, 0x00000208ff634890, 0x00000208ff6370f0,
0x00000208ff6a75e0, 0x00000208ff72be30, 0x00000208d42354b0
}

Java Threads: ( => current thread )
  0x00000208fa1e20a0 JavaThread "main"                              [_thread_in_native, id=18188, stack(0x00000038d9100000,0x00000038d9200000) (1024K)]
  0x00000208ff62c110 JavaThread "Reference Handler"          daemon [_thread_blocked, id=21164, stack(0x00000038d9500000,0x00000038d9600000) (1024K)]
  0x00000208ff62dc70 JavaThread "Finalizer"                  daemon [_thread_blocked, id=1584, stack(0x00000038d9600000,0x00000038d9700000) (1024K)]
  0x00000208ff62ecb0 JavaThread "Signal Dispatcher"          daemon [_thread_blocked, id=17532, stack(0x00000038d9700000,0x00000038d9800000) (1024K)]
  0x00000208ff62fbc0 JavaThread "Attach Listener"            daemon [_thread_blocked, id=20932, stack(0x00000038d9800000,0x00000038d9900000) (1024K)]
  0x00000208ff630ad0 JavaThread "Service Thread"             daemon [_thread_blocked, id=14280, stack(0x00000038d9900000,0x00000038d9a00000) (1024K)]
  0x00000208ff634890 JavaThread "Monitor Deflation Thread"   daemon [_thread_blocked, id=16872, stack(0x00000038d9a00000,0x00000038d9b00000) (1024K)]
=>0x00000208ff6370f0 JavaThread "C2 CompilerThread0"         daemon [_thread_in_native, id=17740, stack(0x00000038d9b00000,0x00000038d9c00000) (1024K)]
  0x00000208ff6a75e0 JavaThread "C1 CompilerThread0"         daemon [_thread_blocked, id=2572, stack(0x00000038d9c00000,0x00000038d9d00000) (1024K)]
  0x00000208ff72be30 JavaThread "Common-Cleaner"             daemon [_thread_blocked, id=6676, stack(0x00000038d9d00000,0x00000038d9e00000) (1024K)]
  0x00000208d42354b0 JavaThread "Notification Thread"        daemon [_thread_blocked, id=16088, stack(0x00000038d9e00000,0x00000038d9f00000) (1024K)]
Total: 11

Other Threads:
  0x00000208fa29e330 VMThread "VM Thread"                           [id=21152, stack(0x00000038d9400000,0x00000038d9500000) (1024K)]
  0x00000208ff60cb00 WatcherThread "VM Periodic Task Thread"        [id=5332, stack(0x00000038d9300000,0x00000038d9400000) (1024K)]
  0x00000208fa1ff190 WorkerThread "GC Thread#0"                     [id=15188, stack(0x00000038d9200000,0x00000038d9300000) (1024K)]
Total: 3

Threads with active compile tasks:
C2 CompilerThread0  25778  941   !   4       java.util.jar.Attributes::read (494 bytes)
Total: 1

VM state: not at safepoint (normal execution)

VM Mutex/Monitor currently owned by a thread: None

Heap address: 0x00000000c0000000, size: 1024 MB, Compressed Oops mode: 32-bit

CDS archive(s) mapped at: [0x000002088f000000-0x000002088fba0000-0x000002088fba0000), size 12189696, SharedBaseAddress: 0x000002088f000000, ArchiveRelocationMode: 1.
Compressed class space mapped at: 0x0000020890000000-0x00000208d0000000, reserved size: 1073741824
Narrow klass base: 0x000002088f000000, Narrow klass shift: 0, Narrow klass range: 0x100000000

GC Precious Log:
 CardTable entry size: 512
 CPUs: 2 total, 2 available
 Memory: 3871M
 Large Page Support: Disabled
 NUMA Support: Disabled
 Compressed Oops: Enabled (32-bit)
 Alignments: Space 512K, Generation 512K, Heap 2M
 Heap Min Capacity: 100M
 Heap Initial Capacity: 100M
 Heap Max Capacity: 1G
 Pre-touch: Disabled
 Parallel Workers: 2

Heap:
 PSYoungGen      total 29696K, used 24739K [0x00000000eab00000, 0x00000000ecc00000, 0x0000000100000000)
  eden space 25600K, 96% used [0x00000000eab00000,0x00000000ec328fd8,0x00000000ec400000)
  from space 4096K, 0% used [0x00000000ec800000,0x00000000ec800000,0x00000000ecc00000)
  to   space 4096K, 0% used [0x00000000ec400000,0x00000000ec400000,0x00000000ec800000)
 ParOldGen       total 68608K, used 0K [0x00000000c0000000, 0x00000000c4300000, 0x00000000eab00000)
  object space 68608K, 0% used [0x00000000c0000000,0x00000000c0000000,0x00000000c4300000)
 Metaspace       used 4043K, committed 4224K, reserved 1114112K
  class space    used 402K, committed 448K, reserved 1048576K

Card table byte_map: [0x00000208f9b80000,0x00000208f9d90000] _byte_map_base: 0x00000208f9580000

Marking Bits: (ParMarkBitMap*) 0x00007ffa4c822250
 Begin Bits: [0x00000208fd530000, 0x00000208fe530000)
 End Bits:   [0x00000208fe530000, 0x00000208ff530000)

Polling page: 0x00000208f81c0000

Metaspace:

Usage:
  Non-class:      3.56 MB used.
      Class:    402.27 KB used.
       Both:      3.95 MB used.

Virtual space:
  Non-class space:       64.00 MB reserved,       3.69 MB (  6%) committed,  1 nodes.
      Class space:        1.00 GB reserved,     448.00 KB ( <1%) committed,  1 nodes.
             Both:        1.06 GB reserved,       4.12 MB ( <1%) committed. 

Chunk freelists:
   Non-Class:  11.22 MB
       Class:  15.50 MB
        Both:  26.72 MB

MaxMetaspaceSize: unlimited
CompressedClassSpaceSize: 1.00 GB
Initial GC threshold: 21.00 MB
Current GC threshold: 21.00 MB
CDS: on
 - commit_granule_bytes: 65536.
 - commit_granule_words: 8192.
 - virtual_space_node_default_size: 8388608.
 - enlarge_chunks_in_place: 1.
 - use_allocation_guard: 0.


Internal statistics:

num_allocs_failed_limit: 0.
num_arena_births: 96.
num_arena_deaths: 0.
num_vsnodes_births: 2.
num_vsnodes_deaths: 0.
num_space_committed: 66.
num_space_uncommitted: 0.
num_chunks_returned_to_freelist: 0.
num_chunks_taken_from_freelist: 147.
num_chunk_merges: 0.
num_chunk_splits: 97.
num_chunks_enlarged: 64.
num_inconsistent_stats: 0.

CodeHeap 'non-profiled nmethods': size=120064Kb used=367Kb max_used=367Kb free=119696Kb
 bounds [0x0000020887ac0000, 0x0000020887d30000, 0x000002088f000000]
CodeHeap 'profiled nmethods': size=120000Kb used=1601Kb max_used=1601Kb free=118399Kb
 bounds [0x0000020880000000, 0x0000020880270000, 0x0000020887530000]
CodeHeap 'non-nmethods': size=5696Kb used=1213Kb max_used=1213Kb free=4482Kb
 bounds [0x0000020887530000, 0x00000208877a0000, 0x0000020887ac0000]
 total_blobs=1435 nmethods=981 adapters=360
 compilation: enabled
              stopped_count=0, restarted_count=0
 full_count=0

Compilation events (20 events):
Event: 24.658 Thread 0x00000208ff6a75e0  960       3       java.util.ArrayList::<init> (61 bytes)
Event: 24.659 Thread 0x00000208ff6a75e0 nmethod 960 0x0000020880183710 code [0x0000020880183960, 0x00000208801841a8]
Event: 24.659 Thread 0x00000208ff6a75e0  961       3       sun.security.util.DerValue::toDigit (51 bytes)
Event: 24.659 Thread 0x00000208ff6a75e0 nmethod 961 0x0000020880184490 code [0x00000208801846e0, 0x0000020880184d90]
Event: 24.659 Thread 0x00000208ff6a75e0  962       1       java.lang.Boolean::booleanValue (5 bytes)
Event: 24.660 Thread 0x00000208ff6a75e0 nmethod 962 0x0000020887b1ae10 code [0x0000020887b1afa0, 0x0000020887b1b070]
Event: 24.660 Thread 0x00000208ff6a75e0  963       3       java.util.Arrays::copyOfRange (25 bytes)
Event: 24.660 Thread 0x00000208ff6a75e0 nmethod 963 0x0000020880185090 code [0x0000020880185340, 0x0000020880185ee8]
Event: 24.661 Thread 0x00000208ff6a75e0  965       3       sun.security.util.DerValue::getOID (76 bytes)
Event: 24.663 Thread 0x00000208ff6a75e0 nmethod 965 0x0000020880186310 code [0x0000020880186680, 0x0000020880187988]
Event: 24.663 Thread 0x00000208ff6a75e0  966       3       sun.security.util.ObjectIdentifier::<init> (34 bytes)
Event: 24.663 Thread 0x00000208ff6a75e0 nmethod 966 0x0000020880188110 code [0x00000208801882e0, 0x0000020880188510]
Event: 24.664 Thread 0x00000208ff6a75e0  967       3       java.math.BigInteger::montReduce (99 bytes)
Event: 24.664 Thread 0x00000208ff6a75e0 nmethod 967 0x0000020880188610 code [0x0000020880188820, 0x0000020880188cd0]
Event: 24.664 Thread 0x00000208ff6a75e0  969       3       java.util.regex.ASCII::toLower (16 bytes)
Event: 24.664 Thread 0x00000208ff6a75e0 nmethod 969 0x0000020880188f10 code [0x00000208801890c0, 0x00000208801892b0]
Event: 24.664 Thread 0x00000208ff6a75e0  970       3       java.util.regex.ASCII::isUpper (18 bytes)
Event: 24.664 Thread 0x00000208ff6a75e0 nmethod 970 0x0000020880189390 code [0x0000020880189520, 0x0000020880189670]
Event: 24.664 Thread 0x00000208ff6a75e0  971       3       sun.security.provider.DigestBase::implCompressMultiBlock0 (23 bytes)
Event: 24.664 Thread 0x00000208ff6a75e0 nmethod 971 0x0000020880189710 code [0x00000208801898c0, 0x0000020880189b68]

GC Heap History (0 events):
No events

Dll operation events (8 events):
Event: 0.370 Loaded shared library c:\Users\willy\.vscode\extensions\redhat.java-1.39.0-win32-x64\jre\21.0.5-win32-x86_64\bin\java.dll
Event: 0.764 Loaded shared library c:\Users\willy\.vscode\extensions\redhat.java-1.39.0-win32-x64\jre\21.0.5-win32-x86_64\bin\zip.dll
Event: 6.247 Loaded shared library C:\Users\willy\.vscode\extensions\redhat.java-1.39.0-win32-x64\jre\21.0.5-win32-x86_64\bin\instrument.dll
Event: 6.326 Loaded shared library C:\Users\willy\.vscode\extensions\redhat.java-1.39.0-win32-x64\jre\21.0.5-win32-x86_64\bin\net.dll
Event: 6.339 Loaded shared library C:\Users\willy\.vscode\extensions\redhat.java-1.39.0-win32-x64\jre\21.0.5-win32-x86_64\bin\nio.dll
Event: 7.816 Loaded shared library C:\Users\willy\.vscode\extensions\redhat.java-1.39.0-win32-x64\jre\21.0.5-win32-x86_64\bin\zip.dll
Event: 8.895 Loaded shared library C:\Users\willy\.vscode\extensions\redhat.java-1.39.0-win32-x64\jre\21.0.5-win32-x86_64\bin\jimage.dll
Event: 11.773 Loaded shared library c:\Users\willy\.vscode\extensions\redhat.java-1.39.0-win32-x64\jre\21.0.5-win32-x86_64\bin\verify.dll

Deoptimization events (20 events):
Event: 24.461 Thread 0x00000208fa1e20a0 DEOPT PACKING pc=0x000002088014d831 sp=0x00000038d91fde50
Event: 24.461 Thread 0x00000208fa1e20a0 DEOPT UNPACKING pc=0x0000020887584223 sp=0x00000038d91fd2c8 mode 0
Event: 24.461 Thread 0x00000208fa1e20a0 DEOPT PACKING pc=0x000002088014d831 sp=0x00000038d91fde50
Event: 24.461 Thread 0x00000208fa1e20a0 DEOPT UNPACKING pc=0x0000020887584223 sp=0x00000038d91fd2c8 mode 0
Event: 24.461 Thread 0x00000208fa1e20a0 DEOPT PACKING pc=0x000002088014d831 sp=0x00000038d91fde50
Event: 24.461 Thread 0x00000208fa1e20a0 DEOPT UNPACKING pc=0x0000020887584223 sp=0x00000038d91fd2c8 mode 0
Event: 24.461 Thread 0x00000208fa1e20a0 DEOPT PACKING pc=0x000002088014d831 sp=0x00000038d91fde50
Event: 24.461 Thread 0x00000208fa1e20a0 DEOPT UNPACKING pc=0x0000020887584223 sp=0x00000038d91fd2c8 mode 0
Event: 24.461 Thread 0x00000208fa1e20a0 DEOPT PACKING pc=0x000002088014d831 sp=0x00000038d91fde50
Event: 24.461 Thread 0x00000208fa1e20a0 DEOPT UNPACKING pc=0x0000020887584223 sp=0x00000038d91fd2c8 mode 0
Event: 24.462 Thread 0x00000208fa1e20a0 DEOPT PACKING pc=0x000002088014d831 sp=0x00000038d91fde50
Event: 24.462 Thread 0x00000208fa1e20a0 DEOPT UNPACKING pc=0x0000020887584223 sp=0x00000038d91fd2c8 mode 0
Event: 24.650 Thread 0x00000208fa1e20a0 Uncommon trap: trap_request=0xffffffc6 fr.pc=0x0000020887b16250 relative=0x00000000000002f0
Event: 24.650 Thread 0x00000208fa1e20a0 Uncommon trap: reason=bimorphic_or_optimized_type_check action=maybe_recompile pc=0x0000020887b16250 method=java.util.HashMap.getNode(Ljava/lang/Object;)Ljava/util/HashMap$Node; @ 128 c2
Event: 24.650 Thread 0x00000208fa1e20a0 DEOPT PACKING pc=0x0000020887b16250 sp=0x00000038d91fd950
Event: 24.650 Thread 0x00000208fa1e20a0 DEOPT UNPACKING pc=0x0000020887583a9c sp=0x00000038d91fd8c8 mode 2
Event: 24.658 Thread 0x00000208fa1e20a0 Uncommon trap: trap_request=0xffffffc6 fr.pc=0x0000020887b16250 relative=0x00000000000002f0
Event: 24.658 Thread 0x00000208fa1e20a0 Uncommon trap: reason=bimorphic_or_optimized_type_check action=maybe_recompile pc=0x0000020887b16250 method=java.util.HashMap.getNode(Ljava/lang/Object;)Ljava/util/HashMap$Node; @ 128 c2
Event: 24.658 Thread 0x00000208fa1e20a0 DEOPT PACKING pc=0x0000020887b16250 sp=0x00000038d91fd5e0
Event: 24.658 Thread 0x00000208fa1e20a0 DEOPT UNPACKING pc=0x0000020887583a9c sp=0x00000038d91fd558 mode 2

Classes loaded (20 events):
Event: 24.647 Loading class jdk/internal/logger/LazyLoggers$LazyLoggerWrapper
Event: 24.647 Loading class jdk/internal/logger/AbstractLoggerWrapper
Event: 24.647 Loading class jdk/internal/logger/AbstractLoggerWrapper done
Event: 24.648 Loading class jdk/internal/logger/LazyLoggers$LazyLoggerWrapper done
Event: 24.648 Loading class jdk/internal/logger/LazyLoggers$JdkLazyLogger done
Event: 24.648 Loading class jdk/internal/logger/LazyLoggers$LazyLoggerAccessor
Event: 24.648 Loading class jdk/internal/logger/LazyLoggers$LoggerAccessor
Event: 24.648 Loading class jdk/internal/logger/LazyLoggers$LoggerAccessor done
Event: 24.648 Loading class jdk/internal/logger/LazyLoggers$LazyLoggerAccessor done
Event: 24.648 Loading class jdk/internal/logger/SurrogateLogger
Event: 24.648 Loading class jdk/internal/logger/SimpleConsoleLogger
Event: 24.649 Loading class sun/util/logging/PlatformLogger$ConfigurableBridge$LoggerConfiguration
Event: 24.649 Loading class sun/util/logging/PlatformLogger$ConfigurableBridge$LoggerConfiguration done
Event: 24.649 Loading class jdk/internal/logger/SimpleConsoleLogger done
Event: 24.649 Loading class jdk/internal/logger/SurrogateLogger done
Event: 24.649 Loading class sun/util/logging/PlatformLogger
Event: 24.649 Loading class sun/util/logging/PlatformLogger done
Event: 24.649 Loading class sun/util/logging/PlatformLogger$Level
Event: 24.649 Loading class sun/util/logging/PlatformLogger$Level done
Event: 24.665 Loading class java/io/BufferedReader

Classes unloaded (0 events):
No events

Classes redefined (0 events):
No events

Internal exceptions (19 events):
Event: 5.141 Thread 0x00000208fa1e20a0 Exception <a 'java/lang/NoSuchMethodError'{0x00000000ead63f40}: 'void java.lang.invoke.DirectMethodHandle$Holder.invokeStatic(java.lang.Object, java.lang.Object, java.lang.Object)'> (0x00000000ead63f40) 
thrown [s\src\hotspot\share\interpreter\linkResolver.cpp, line 773]
Event: 8.033 Thread 0x00000208fa1e20a0 Exception <a 'java/lang/NoSuchMethodError'{0x00000000eaed2148}: 'java.lang.Object java.lang.invoke.Invokers$Holder.invokeExact_MT(java.lang.Object, java.lang.Object, java.lang.Object, java.lang.Object, java.lang.Object)'> (0x00000000eaed2148) 
thrown [s\src\hotspot\share\interpreter\linkResolver.cpp, line 773]
Event: 9.564 Thread 0x00000208fa1e20a0 Exception <a 'java/lang/NoSuchMethodError'{0x00000000eaf7acc0}: 'int java.lang.invoke.DirectMethodHandle$Holder.invokeSpecial(java.lang.Object, java.lang.Object, java.lang.Object, int)'> (0x00000000eaf7acc0) 
thrown [s\src\hotspot\share\interpreter\linkResolver.cpp, line 773]
Event: 10.400 Thread 0x00000208fa1e20a0 Exception <a 'java/lang/NoSuchMethodError'{0x00000000eaf9d900}: 'java.lang.Object java.lang.invoke.DirectMethodHandle$Holder.invokeStatic(java.lang.Object, java.lang.Object, java.lang.Object, java.lang.Object, int)'> (0x00000000eaf9d900) 
thrown [s\src\hotspot\share\interpreter\linkResolver.cpp, line 773]
Event: 10.404 Thread 0x00000208fa1e20a0 Exception <a 'java/lang/NoSuchMethodError'{0x00000000eafa8d40}: 'void java.lang.invoke.DelegatingMethodHandle$Holder.reinvoke_L(java.lang.Object, java.lang.Object, java.lang.Object, int, java.lang.Object)'> (0x00000000eafa8d40) 
thrown [s\src\hotspot\share\interpreter\linkResolver.cpp, line 773]
Event: 10.405 Thread 0x00000208fa1e20a0 Exception <a 'java/lang/NoSuchMethodError'{0x00000000eafac778}: 'int java.lang.invoke.DirectMethodHandle$Holder.invokeSpecial(java.lang.Object, java.lang.Object, java.lang.Object)'> (0x00000000eafac778) 
thrown [s\src\hotspot\share\interpreter\linkResolver.cpp, line 773]
Event: 10.412 Thread 0x00000208fa1e20a0 Exception <a 'java/lang/NoSuchMethodError'{0x00000000eafc5610}: 'java.lang.Object java.lang.invoke.DirectMethodHandle$Holder.invokeStatic(java.lang.Object, java.lang.Object, int)'> (0x00000000eafc5610) 
thrown [s\src\hotspot\share\interpreter\linkResolver.cpp, line 773]
Event: 10.414 Thread 0x00000208fa1e20a0 Exception <a 'java/lang/NoSuchMethodError'{0x00000000eafc9f60}: 'void java.lang.invoke.DirectMethodHandle$Holder.invokeStatic(java.lang.Object, java.lang.Object, int, java.lang.Object)'> (0x00000000eafc9f60) 
thrown [s\src\hotspot\share\interpreter\linkResolver.cpp, line 773]
Event: 10.415 Thread 0x00000208fa1e20a0 Exception <a 'java/lang/NoSuchMethodError'{0x00000000eafcdaf0}: 'void java.lang.invoke.DirectMethodHandle$Holder.invokeSpecial(java.lang.Object, java.lang.Object, java.lang.Object, int, java.lang.Object)'> (0x00000000eafcdaf0) 
thrown [s\src\hotspot\share\interpreter\linkResolver.cpp, line 773]
Event: 10.415 Thread 0x00000208fa1e20a0 Exception <a 'java/lang/NoSuchMethodError'{0x00000000eafd0f60}: 'void java.lang.invoke.DelegatingMethodHandle$Holder.delegate(java.lang.Object, java.lang.Object, int, java.lang.Object)'> (0x00000000eafd0f60) 
thrown [s\src\hotspot\share\interpreter\linkResolver.cpp, line 773]
Event: 13.342 Thread 0x00000208fa1e20a0 Exception <a 'java/lang/NoSuchMethodError'{0x00000000eb18d6c8}: 'void java.lang.invoke.DelegatingMethodHandle$Holder.reinvoke_L(java.lang.Object, java.lang.Object, java.lang.Object, int)'> (0x00000000eb18d6c8) 
thrown [s\src\hotspot\share\interpreter\linkResolver.cpp, line 773]
Event: 16.768 Thread 0x00000208fa1e20a0 Exception <a 'java/lang/NoSuchMethodError'{0x00000000eb60ca90}: 'void java.lang.invoke.DirectMethodHandle$Holder.invokeVirtual(java.lang.Object, java.lang.Object)'> (0x00000000eb60ca90) 
thrown [s\src\hotspot\share\interpreter\linkResolver.cpp, line 773]
Event: 19.799 Thread 0x00000208fa1e20a0 Exception <a 'java/lang/ClassNotFoundException'{0x00000000eb9f2d28}: sun/net/www/protocol/c/Handler> (0x00000000eb9f2d28) 
thrown [s\src\hotspot\share\classfile\systemDictionary.cpp, line 312]
Event: 20.793 Thread 0x00000208fa1e20a0 Exception <a 'java/io/FileNotFoundException'{0x00000000eba0b748}> (0x00000000eba0b748) 
thrown [s\src\hotspot\share\prims\jni.cpp, line 520]
Event: 20.794 Thread 0x00000208fa1e20a0 Exception <a 'java/io/FileNotFoundException'{0x00000000eba0c5b0}> (0x00000000eba0c5b0) 
thrown [s\src\hotspot\share\prims\jni.cpp, line 520]
Event: 20.794 Thread 0x00000208fa1e20a0 Exception <a 'java/io/FileNotFoundException'{0x00000000eba0d410}> (0x00000000eba0d410) 
thrown [s\src\hotspot\share\prims\jni.cpp, line 520]
Event: 20.794 Thread 0x00000208fa1e20a0 Exception <a 'java/io/FileNotFoundException'{0x00000000eba0e0a0}> (0x00000000eba0e0a0) 
thrown [s\src\hotspot\share\prims\jni.cpp, line 520]
Event: 21.041 Thread 0x00000208fa1e20a0 Exception <a 'java/io/FileNotFoundException'{0x00000000eba46798}> (0x00000000eba46798) 
thrown [s\src\hotspot\share\prims\jni.cpp, line 520]
Event: 23.910 Thread 0x00000208fa1e20a0 Exception <a 'java/lang/NoSuchMethodError'{0x00000000ebe87638}: 'java.lang.ClassLoader java.lang.ClassLoader.getPlatformClassLoader(java.lang.Class)'> (0x00000000ebe87638) 
thrown [s\src\hotspot\share\interpreter\linkResolver.cpp, line 773]

ZGC Phase Switch (0 events):
No events

VM Operations (20 events):
Event: 15.957 Executing VM operation: Cleanup
Event: 16.293 Executing VM operation: Cleanup done
Event: 17.417 Executing VM operation: Cleanup
Event: 17.977 Executing VM operation: Cleanup done
Event: 18.988 Executing VM operation: Cleanup
Event: 18.989 Executing VM operation: Cleanup done
Event: 19.210 Executing VM operation: HandshakeAllThreads (Deoptimize)
Event: 19.210 Executing VM operation: HandshakeAllThreads (Deoptimize) done
Event: 19.477 Executing VM operation: HandshakeAllThreads (Deoptimize)
Event: 19.477 Executing VM operation: HandshakeAllThreads (Deoptimize) done
Event: 20.484 Executing VM operation: Cleanup
Event: 20.484 Executing VM operation: Cleanup done
Event: 21.489 Executing VM operation: Cleanup
Event: 21.489 Executing VM operation: Cleanup done
Event: 22.494 Executing VM operation: Cleanup
Event: 22.494 Executing VM operation: Cleanup done
Event: 23.504 Executing VM operation: Cleanup
Event: 23.548 Executing VM operation: Cleanup done
Event: 24.549 Executing VM operation: Cleanup
Event: 24.594 Executing VM operation: Cleanup done

Memory protections (0 events):
No events

Nmethod flushes (0 events):
No events

Events (11 events):
Event: 0.598 Thread 0x00000208fa1e20a0 Thread added: 0x00000208fa1e20a0
Event: 0.792 Thread 0x00000208fa1e20a0 Thread added: 0x00000208ff62c110
Event: 0.793 Thread 0x00000208fa1e20a0 Thread added: 0x00000208ff62dc70
Event: 0.793 Thread 0x00000208fa1e20a0 Thread added: 0x00000208ff62ecb0
Event: 0.793 Thread 0x00000208fa1e20a0 Thread added: 0x00000208ff62fbc0
Event: 0.794 Thread 0x00000208fa1e20a0 Thread added: 0x00000208ff630ad0
Event: 0.794 Thread 0x00000208fa1e20a0 Thread added: 0x00000208ff634890
Event: 0.795 Thread 0x00000208fa1e20a0 Thread added: 0x00000208ff6370f0
Event: 0.978 Thread 0x00000208fa1e20a0 Thread added: 0x00000208ff6a75e0
Event: 4.459 Thread 0x00000208fa1e20a0 Thread added: 0x00000208ff72be30
Event: 14.983 Thread 0x00000208fa1e20a0 Thread added: 0x00000208d42354b0


Dynamic libraries:
0x00007ff642ca0000 - 0x00007ff642cae000 	c:\Users\willy\.vscode\extensions\redhat.java-1.39.0-win32-x64\jre\21.0.5-win32-x86_64\bin\java.exe
0x00007ffb00df0000 - 0x00007ffb01007000 	C:\WINDOWS\SYSTEM32\ntdll.dll
0x00007ffaffd50000 - 0x00007ffaffe14000 	C:\WINDOWS\System32\KERNEL32.DLL
0x00007ffafe160000 - 0x00007ffafe51a000 	C:\WINDOWS\System32\KERNELBASE.dll
0x00007ffafe990000 - 0x00007ffafeaa1000 	C:\WINDOWS\System32\ucrtbase.dll
0x00007ffae06f0000 - 0x00007ffae0708000 	c:\Users\willy\.vscode\extensions\redhat.java-1.39.0-win32-x64\jre\21.0.5-win32-x86_64\bin\jli.dll
0x00007ffafec00000 - 0x00007ffafedae000 	C:\WINDOWS\System32\USER32.dll
0x00007ffafeab0000 - 0x00007ffafead6000 	C:\WINDOWS\System32\win32u.dll
0x00007ffaff8f0000 - 0x00007ffaff919000 	C:\WINDOWS\System32\GDI32.dll
0x00007ffafe690000 - 0x00007ffafe7ab000 	C:\WINDOWS\System32\gdi32full.dll
0x00007ffafe870000 - 0x00007ffafe90a000 	C:\WINDOWS\System32\msvcp_win.dll
0x00007ffada8d0000 - 0x00007ffada8ee000 	c:\Users\willy\.vscode\extensions\redhat.java-1.39.0-win32-x64\jre\21.0.5-win32-x86_64\bin\VCRUNTIME140.dll
0x00007ffaef660000 - 0x00007ffaef8f2000 	C:\WINDOWS\WinSxS\amd64_microsoft.windows.common-controls_6595b64144ccf1df_6.0.22621.4541_none_2710d1c57384c085\COMCTL32.dll
0x00007ffaff920000 - 0x00007ffaff9c7000 	C:\WINDOWS\System32\msvcrt.dll
0x00007ffafeae0000 - 0x00007ffafeb11000 	C:\WINDOWS\System32\IMM32.DLL
0x00007ffadfae0000 - 0x00007ffadfaec000 	c:\Users\willy\.vscode\extensions\redhat.java-1.39.0-win32-x64\jre\21.0.5-win32-x86_64\bin\vcruntime140_1.dll
0x00007ffab80a0000 - 0x00007ffab812d000 	c:\Users\willy\.vscode\extensions\redhat.java-1.39.0-win32-x64\jre\21.0.5-win32-x86_64\bin\msvcp140.dll
0x00007ffa4bb70000 - 0x00007ffa4c8ff000 	c:\Users\willy\.vscode\extensions\redhat.java-1.39.0-win32-x64\jre\21.0.5-win32-x86_64\bin\server\jvm.dll
0x00007ffb00bd0000 - 0x00007ffb00c82000 	C:\WINDOWS\System32\ADVAPI32.dll
0x00007ffaffc60000 - 0x00007ffaffd07000 	C:\WINDOWS\System32\sechost.dll
0x00007ffafe130000 - 0x00007ffafe158000 	C:\WINDOWS\System32\bcrypt.dll
0x00007ffb00c90000 - 0x00007ffb00da4000 	C:\WINDOWS\System32\RPCRT4.dll
0x00007ffaff9d0000 - 0x00007ffaffa41000 	C:\WINDOWS\System32\WS2_32.dll
0x00007ffafdf90000 - 0x00007ffafdfdd000 	C:\WINDOWS\SYSTEM32\POWRPROF.dll
0x00007ffaf6c80000 - 0x00007ffaf6cb4000 	C:\WINDOWS\SYSTEM32\WINMM.dll
0x00007ffaf6020000 - 0x00007ffaf602a000 	C:\WINDOWS\SYSTEM32\VERSION.dll
0x00007ffafdf60000 - 0x00007ffafdf73000 	C:\WINDOWS\SYSTEM32\UMPDC.dll
0x00007ffafd0b0000 - 0x00007ffafd0c8000 	C:\WINDOWS\SYSTEM32\kernel.appcore.dll
0x00007ffaddd20000 - 0x00007ffaddd2a000 	c:\Users\willy\.vscode\extensions\redhat.java-1.39.0-win32-x64\jre\21.0.5-win32-x86_64\bin\jimage.dll
0x00007ffafb910000 - 0x00007ffafbb42000 	C:\WINDOWS\SYSTEM32\DBGHELP.DLL
0x00007ffb00480000 - 0x00007ffb00811000 	C:\WINDOWS\System32\combase.dll
0x00007ffafeb20000 - 0x00007ffafebf7000 	C:\WINDOWS\System32\OLEAUT32.dll
0x00007ffae76a0000 - 0x00007ffae76d2000 	C:\WINDOWS\SYSTEM32\dbgcore.DLL
0x00007ffafe0b0000 - 0x00007ffafe12b000 	C:\WINDOWS\System32\bcryptPrimitives.dll
0x00007ffaddc10000 - 0x00007ffaddc1f000 	c:\Users\willy\.vscode\extensions\redhat.java-1.39.0-win32-x64\jre\21.0.5-win32-x86_64\bin\instrument.dll
0x00007ffad3a80000 - 0x00007ffad3a9f000 	c:\Users\willy\.vscode\extensions\redhat.java-1.39.0-win32-x64\jre\21.0.5-win32-x86_64\bin\java.dll
0x00007ffafeeb0000 - 0x00007ffaff729000 	C:\WINDOWS\System32\SHELL32.dll
0x00007ffafbfa0000 - 0x00007ffafc8a9000 	C:\WINDOWS\SYSTEM32\windows.storage.dll
0x00007ffafbe60000 - 0x00007ffafbf9f000 	C:\WINDOWS\SYSTEM32\wintypes.dll
0x00007ffb00ad0000 - 0x00007ffb00bca000 	C:\WINDOWS\System32\SHCORE.dll
0x00007ffaffe20000 - 0x00007ffaffe7e000 	C:\WINDOWS\System32\shlwapi.dll
0x00007ffafdfe0000 - 0x00007ffafe00b000 	C:\WINDOWS\SYSTEM32\profapi.dll
0x00007ffad0f00000 - 0x00007ffad0f18000 	c:\Users\willy\.vscode\extensions\redhat.java-1.39.0-win32-x64\jre\21.0.5-win32-x86_64\bin\zip.dll
0x00007ffadc0f0000 - 0x00007ffadc100000 	C:\Users\willy\.vscode\extensions\redhat.java-1.39.0-win32-x64\jre\21.0.5-win32-x86_64\bin\net.dll
0x00007ffaf6370000 - 0x00007ffaf64a6000 	C:\WINDOWS\SYSTEM32\WINHTTP.dll
0x00007ffafd520000 - 0x00007ffafd589000 	C:\WINDOWS\system32\mswsock.dll
0x00007fface2c0000 - 0x00007fface2d6000 	C:\Users\willy\.vscode\extensions\redhat.java-1.39.0-win32-x64\jre\21.0.5-win32-x86_64\bin\nio.dll
0x00007ffad92b0000 - 0x00007ffad92c0000 	c:\Users\willy\.vscode\extensions\redhat.java-1.39.0-win32-x64\jre\21.0.5-win32-x86_64\bin\verify.dll

dbghelp: loaded successfully - version: 4.0.5 - missing functions: none
symbol engine: initialized successfully - sym options: 0x614 - pdb path: .;c:\Users\willy\.vscode\extensions\redhat.java-1.39.0-win32-x64\jre\21.0.5-win32-x86_64\bin;C:\WINDOWS\SYSTEM32;C:\WINDOWS\WinSxS\amd64_microsoft.windows.common-controls_6595b64144ccf1df_6.0.22621.4541_none_2710d1c57384c085;c:\Users\willy\.vscode\extensions\redhat.java-1.39.0-win32-x64\jre\21.0.5-win32-x86_64\bin\server

VM Arguments:
jvm_args: --add-modules=ALL-SYSTEM --add-opens=java.base/java.util=ALL-UNNAMED --add-opens=java.base/java.lang=ALL-UNNAMED --add-opens=java.base/sun.nio.fs=ALL-UNNAMED -Declipse.application=org.eclipse.jdt.ls.core.id1 -Dosgi.bundles.defaultStartLevel=4 -Declipse.product=org.eclipse.jdt.ls.core.product -Djava.import.generatesMetadataFilesAtProjectRoot=false -DDetectVMInstallationsJob.disabled=true -Dfile.encoding=utf8 -XX:+UseParallelGC -XX:GCTimeRatio=4 -XX:AdaptiveSizePolicyWeight=90 -Dsun.zip.disableMemoryMapping=true -Xmx1G -Xms100m -Xlog:disable -javaagent:c:\Users\willy\.vscode\extensions\redhat.java-1.39.0-win32-x64\lombok\lombok-1.18.34.jar -XX:+HeapDumpOnOutOfMemoryError -XX:HeapDumpPath=c:\Users\willy\AppData\Roaming\Code\User\workspaceStorage\64fb5123b4a1905939e0d0ab2b87f7ed\redhat.java -Daether.dependencyCollector.impl=bf 
java_command: c:\Users\willy\.vscode\extensions\redhat.java-1.39.0-win32-x64\server\plugins\org.eclipse.equinox.launcher_1.6.900.v20240613-2009.jar -configuration c:\Users\willy\AppData\Roaming\Code\User\globalStorage\redhat.java\1.39.0\config_win -data c:\Users\willy\AppData\Roaming\Code\User\workspaceStorage\64fb5123b4a1905939e0d0ab2b87f7ed\redhat.java\jdt_ws --pipe=\\.\pipe\lsp-6755729e0b2118ed0246251173406072-sock
java_class_path (initial): c:\Users\willy\.vscode\extensions\redhat.java-1.39.0-win32-x64\server\plugins\org.eclipse.equinox.launcher_1.6.900.v20240613-2009.jar
Launcher Type: SUN_STANDARD

[Global flags]
    uintx AdaptiveSizePolicyWeight                 = 90                                        {product} {command line}
     intx CICompilerCount                          = 2                                         {product} {ergonomic}
    uintx GCTimeRatio                              = 4                                         {product} {command line}
     bool HeapDumpOnOutOfMemoryError               = true                                   {manageable} {command line}
    ccstr HeapDumpPath                             = c:\Users\willy\AppData\Roaming\Code\User\workspaceStorage\64fb5123b4a1905939e0d0ab2b87f7ed\redhat.java         {manageable} {command line}
   size_t InitialHeapSize                          = 104857600                                 {product} {command line}
   size_t MaxHeapSize                              = 1073741824                                {product} {command line}
   size_t MaxNewSize                               = 357564416                                 {product} {ergonomic}
   size_t MinHeapDeltaBytes                        = 524288                                    {product} {ergonomic}
   size_t MinHeapSize                              = 104857600                                 {product} {command line}
   size_t NewSize                                  = 34603008                                  {product} {ergonomic}
    uintx NonNMethodCodeHeapSize                   = 5826188                                {pd product} {ergonomic}
    uintx NonProfiledCodeHeapSize                  = 122916026                              {pd product} {ergonomic}
   size_t OldSize                                  = 70254592                                  {product} {ergonomic}
     bool PerfDisableSharedMem                     = true                                      {product} {ergonomic}
    uintx ProfiledCodeHeapSize                     = 122916026                              {pd product} {ergonomic}
    uintx ReservedCodeCacheSize                    = 251658240                              {pd product} {ergonomic}
     bool SegmentedCodeCache                       = true                                      {product} {ergonomic}
   size_t SoftMaxHeapSize                          = 1073741824                             {manageable} {ergonomic}
     bool UseCompressedOops                        = true                           {product lp64_product} {ergonomic}
     bool UseLargePagesIndividualAllocation        = false                                  {pd product} {ergonomic}
     bool UseParallelGC                            = true                                      {product} {command line}

Logging:
Log output configuration:
 #0: stdout all=off uptime,level,tags foldmultilines=false
 #1: stderr all=off uptime,level,tags foldmultilines=false

Environment Variables:
PATH=C:\Program Files\NVIDIA GPU Computing Toolkit\CUDA\v12.6\bin;C:\Program Files\NVIDIA GPU Computing Toolkit\CUDA\v12.6\libnvvp;C:\Program Files\Common Files\Oracle\Java\javapath;C:\Program Files (x86)\Common Files\Oracle\Java\java8path;C:\Program Files (x86)\Common Files\Oracle\Java\javapath;C:\Program Files\Microsoft MPI\Bin\;C:\WINDOWS\system32;C:\WINDOWS;C:\WINDOWS\System32\Wbem;C:\WINDOWS\System32\WindowsPowerShell\v1.0\;C:\WINDOWS\System32\OpenSSH\;C:\ProgramData\chocolatey\bin;%NVM_HOME%;%NVM_SYMLINK%;C:\Program Files (x86)\Microsoft SQL Server\160\DTS\Binn\;C:\Program Files (x86)\Microsoft SQL Server\160\Tools\Binn\;C:\Program Files\Microsoft SQL Server\160\Tools\Binn\;C:\Program Files\Microsoft SQL Server\Client SDK\ODBC\170\Tools\Binn\;C:\Program Files\Microsoft SQL Server\160\DTS\Binn\;C:\Program Files\Git\cmd;C:\Program Files\NVIDIA Corporation\Nsight Compute 2024.3.2\;C:\Program Files (x86)\NVIDIA Corporation\PhysX\Common;C:\Program Files\Docker\Docker\resources\bin;C:\Users\willy\AppData\Local\Programs\Python\Python313\Scripts\;C:\Users\willy\AppData\Local\Programs\Python\Python313\;C:\Users\willy\AppData\Local\Microsoft\WindowsApps;C:\Users\willy\AppData\Local\Programs\Microsoft VS Code\bin;C:\Users\willy\AppData\Roaming\npm;C:\Users\willy\AppData\Roaming\nvm;C:\Program Files\nodejs;C:\Users\willy\AppData\Local\Microsoft\WinGet\Packages\Schniz.fnm_Microsoft.Winget.Source_8wekyb3d8bbwe;
USERNAME=willy
OS=Windows_NT
PROCESSOR_IDENTIFIER=Intel64 Family 6 Model 156 Stepping 0, GenuineIntel
TMP=C:\Users\willy\AppData\Local\Temp
TEMP=C:\Users\willy\AppData\Local\Temp




Periodic native trim disabled

---------------  S Y S T E M  ---------------

OS:
 Windows 11 , 64 bit Build 22621 (10.0.22621.4391)
OS uptime: 7 days 2:04 hours
Hyper-V role detected

CPU: total 2 (initial active 2) (2 cores per cpu, 1 threads per core) family 6 model 156 stepping 0 microcode 0x24000026, cx8, cmov, fxsr, mmx, 3dnowpref, sse, sse2, sse3, ssse3, sse4.1, sse4.2, popcnt, tsc, tscinvbit, aes, erms, clmul, sha, clflush, clflushopt, clwb, hv, rdtscp, rdpid
Processor Information for all 2 processors :
  Max Mhz: 1114, Current Mhz: 1114, Mhz Limit: 1114

Memory: 4k page, system-wide physical 3871M (222M free)
TotalPageFile size 15647M (AvailPageFile size 4M)
current process WorkingSet (physical memory assigned to process): 58M, peak: 58M
current process commit charge ("private bytes"): 180M, peak: 180M

vm_info: OpenJDK 64-Bit Server VM (21.0.5+11-LTS) for windows-amd64 JRE (21.0.5+11-LTS), built on 2024-10-15T00:00:00Z by "admin" with MS VC++ 17.7 (VS2022)

END.
